<?xml version="1.0" encoding="UTF-8"?>
<testng-results skipped="0" failed="0" ignored="0" total="1" passed="1">
  <reporter-output>
  </reporter-output>
  <suite name="Default suite" duration-ms="1599" started-at="2020-07-10T20:25:06Z" finished-at="2020-07-10T20:25:08Z">
    <groups>
    </groups>
    <test name="Default test" duration-ms="1599" started-at="2020-07-10T20:25:06Z" finished-at="2020-07-10T20:25:08Z">
      <class name="com.dhisco.product.discovery.testcases.CountAndValidateShoppingMessagesIT">
        <test-method status="PASS" signature="beforeSuite(org.testng.ITestContext)[pri:0, instance:com.dhisco.product.discovery.testcases.CountAndValidateShoppingMessagesIT@36bc55de]" name="beforeSuite" is-config="true" duration-ms="851" started-at="2020-07-11T01:55:05Z" finished-at="2020-07-11T01:55:06Z">
          <params>
            <param index="0">
              <value>
                <![CDATA[org.testng.TestRunner@41f4fe5]]>
              </value>
            </param>
          </params>
          <reporter-output>
          </reporter-output>
        </test-method> <!-- beforeSuite -->
        <test-method status="PASS" signature="springTestContextBeforeTestClass()[pri:0, instance:com.dhisco.product.discovery.testcases.CountAndValidateShoppingMessagesIT@36bc55de]" name="springTestContextBeforeTestClass" is-config="true" duration-ms="1" started-at="2020-07-11T01:55:06Z" finished-at="2020-07-11T01:55:06Z">
          <reporter-output>
          </reporter-output>
        </test-method> <!-- springTestContextBeforeTestClass -->
        <test-method status="PASS" signature="springTestContextPrepareTestInstance()[pri:0, instance:com.dhisco.product.discovery.testcases.CountAndValidateShoppingMessagesIT@36bc55de]" name="springTestContextPrepareTestInstance" is-config="true" duration-ms="0" started-at="2020-07-11T01:55:06Z" depends-on-methods="org.springframework.test.context.testng.AbstractTestNGSpringContextTests.springTestContextBeforeTestClass" finished-at="2020-07-11T01:55:06Z">
          <reporter-output>
          </reporter-output>
        </test-method> <!-- springTestContextPrepareTestInstance -->
        <test-method status="PASS" signature="springTestContextBeforeTestMethod(java.lang.reflect.Method)[pri:0, instance:com.dhisco.product.discovery.testcases.CountAndValidateShoppingMessagesIT@36bc55de]" name="springTestContextBeforeTestMethod" is-config="true" duration-ms="1" started-at="2020-07-11T01:55:06Z" finished-at="2020-07-11T01:55:06Z">
          <params>
            <param index="0">
              <value>
                <![CDATA[public void com.dhisco.product.discovery.testcases.CountAndValidateShoppingMessagesIT.countAndValidateShoppingMessages()]]>
              </value>
            </param>
          </params>
          <reporter-output>
          </reporter-output>
        </test-method> <!-- springTestContextBeforeTestMethod -->
        <test-method status="PASS" signature="countAndValidateShoppingMessages()[pri:0, instance:com.dhisco.product.discovery.testcases.CountAndValidateShoppingMessagesIT@36bc55de]" name="countAndValidateShoppingMessages" duration-ms="1585" started-at="2020-07-11T01:55:06Z" finished-at="2020-07-11T01:55:08Z">
          <reporter-output>
          </reporter-output>
        </test-method> <!-- countAndValidateShoppingMessages -->
        <test-method status="PASS" signature="springTestContextAfterTestMethod(java.lang.reflect.Method)[pri:0, instance:com.dhisco.product.discovery.testcases.CountAndValidateShoppingMessagesIT@36bc55de]" name="springTestContextAfterTestMethod" is-config="true" duration-ms="1" started-at="2020-07-11T01:55:08Z" finished-at="2020-07-11T01:55:08Z">
          <params>
            <param index="0">
              <value>
                <![CDATA[public void com.dhisco.product.discovery.testcases.CountAndValidateShoppingMessagesIT.countAndValidateShoppingMessages()]]>
              </value>
            </param>
          </params>
          <reporter-output>
          </reporter-output>
        </test-method> <!-- springTestContextAfterTestMethod -->
        <test-method status="PASS" signature="springTestContextAfterTestClass()[pri:0, instance:com.dhisco.product.discovery.testcases.CountAndValidateShoppingMessagesIT@36bc55de]" name="springTestContextAfterTestClass" is-config="true" duration-ms="0" started-at="2020-07-11T01:55:08Z" finished-at="2020-07-11T01:55:08Z">
          <reporter-output>
          </reporter-output>
        </test-method> <!-- springTestContextAfterTestClass -->
        <test-method status="PASS" signature="afterSuite(org.testng.ITestContext)[pri:0, instance:com.dhisco.product.discovery.testcases.CountAndValidateShoppingMessagesIT@36bc55de]" name="afterSuite" is-config="true" duration-ms="24" started-at="2020-07-11T01:55:08Z" finished-at="2020-07-11T01:55:08Z">
          <params>
            <param index="0">
              <value>
                <![CDATA[org.testng.TestRunner@41f4fe5]]>
              </value>
            </param>
          </params>
          <reporter-output>
          </reporter-output>
        </test-method> <!-- afterSuite -->
      </class> <!-- com.dhisco.product.discovery.testcases.CountAndValidateShoppingMessagesIT -->
    </test> <!-- Default test -->
  </suite> <!-- Default suite -->
</testng-results>
